/home/action/.parts/packages/ruby2.1/2.1.1/bin/ruby extconf.rb
checking for ffi_call() in -lffi... yes
checking for ffi_prep_closure()... yes
checking for ffi_raw_call()... yes
checking for ffi_prep_raw_closure()... yes
checking for rb_thread_blocking_region()... yes
checking for rb_thread_call_with_gvl()... yes
checking for rb_thread_call_without_gvl()... yes
checking for ffi_prep_cif_var()... yes
creating extconf.h
creating Makefile

make "DESTDIR=" clean

make "DESTDIR="
compiling StructByValue.c
compiling StructLayout.c
compiling Pointer.c
compiling Thread.c
compiling Function.c
compiling Call.c
compiling MappedType.c
compiling StructByReference.c
compiling FunctionInfo.c
compiling AbstractMemory.c
compiling Platform.c
compiling Type.c
compiling DataConverter.c
compiling ClosurePool.c
compiling Types.c
compiling LastError.c
compiling DynamicLibrary.c
compiling Buffer.c
compiling MethodHandle.c
compiling Struct.c
compiling LongDouble.c
compiling Variadic.c
compiling ArrayType.c
compiling ffi.c
compiling MemoryPointer.c
linking shared-object ffi_c.so

make "DESTDIR=" install
/usr/bin/install -c -m 0755 ffi_c.so ./.gem.20141019-3044-5264l6
installing default ffi_c libraries
